636631185402400565	20	0	5237
636631185404388759	20	6	5432
636631185404388759	20	10	5443
636631185404614754	20	17	5448
636631185404614754	20	24	5456
636631185404614754	20	29	5466
636631185404833027	20	36	5472
636631185404833027	20	42	5481
636631185405054988	20	46	5491
636631185405054988	20	47	5497
636631185405054988	20	49	5507
636631185405386774	20	50	5531
636631185405607361	20	52	5553
636631185405832775	20	53	5568
636631185406053437	20	55	5595
636631185406190004	20	56	5611
636631185406388932	20	57	5635
636631185406388932	20	58	5643
636631185406634383	20	59	5648
636631185406634383	20	61	5658
636631185406832769	20	62	5675
636631185406832769	20	64	5681
636631185407073052	20	66	5691
636631185407073052	20	68	5699
636631185407163258	20	71	5715
636631185407163258	20	72	5721
636631185407393613	20	73	5739
636631185407644644	20	74	5749
636631185407644644	20	75	5754
636631185407834919	20	76	5768
636631185407834919	20	77	5779
636631185408167372	20	78	5804
636631185408167372	20	79	5810
636631185408167372	20	80	5816
636631185408392524	20	81	5835
636631185408392524	20	82	5840
636631185408612960	20	83	5859
636631185409054411	20	84	5890
636631185409174690	20	85	5912
636631185409389829	20	86	5936
636631185409835172	20	87	5986
636631185410194154	20	88	6003
636631185410194154	20	89	6009
636631185410389835	20	90	6032
636631185410389835	20	91	6041
636631185410635400	20	92	6049
636631185410833823	20	93	6070
636631185410833823	20	94	6081
636631185411078077	20	95	6088
636631185411078077	20	96	6104
636631185411164845	20	97	6114
636631185411385940	20	98	6125
636631185411608814	20	99	6160
636631185412162841	20	100	6217
636631185413833477	20	99	6369
636631185413833477	20	97	6376
636631185413833477	20	94	6387
636631185414071399	20	91	6392
636631185414071399	20	88	6400
636631185414071399	20	86	6408
636631185414166447	20	82	6416
636631185414391598	20	79	6424
636631185414391598	20	75	6435
636631185414391598	20	72	6440
636631185414616776	20	69	6449
636631185414616776	20	66	6456
636631185414841936	20	64	6467
636631185414841936	20	59	6472
636631185414841936	20	57	6480
636631185414841936	20	55	6488
636631185414977032	20	51	6496
636631185415167153	20	48	6504
636631185415167153	20	46	6512
636631185415167153	20	45	6520
636631185415387319	20	42	6528
636631185415387319	20	40	6536
636631185415612576	20	37	6544
636631185415612576	20	34	6553
636631185415612576	20	31	6560
636631185415834224	20	29	6568
636631185415834224	20	25	6579
636631185415834224	20	22	6584
636631185415944105	20	19	6592
636631185416180085	20	15	6600
636631185416180085	20	12	6608
636631185416180085	20	8	6617
636631185416394118	20	7	6624
636631185416394118	20	4	6635
636631185416394118	20	1	6641
636631185416630591	20	0	6648
636631185421161912	20	6	7112
636631185421161912	20	21	7120
636631185421413236	20	33	7128
636631185421418008	20	45	7136
636631185421608283	20	58	7144
636631185421608283	20	71	7155
636631185421608283	20	82	7161
636631185421958932	20	94	7168
636631185421958932	20	104	7179
636631185421958932	20	114	7185
636631185421958932	20	124	7198
636631185421958932	20	127	7200
636631185429383757	20	120	7928
636631185429383757	20	111	7936
636631185429631551	20	100	7944
636631185429631551	20	91	7952
636631185429631551	20	81	7960
636631185429830411	20	71	7971
636631185429830411	20	65	7976
636631185429830411	20	57	7984
636631185430081769	20	49	7995
636631185430081769	20	39	8000
636631185430081769	20	28	8009
636631185430167374	20	18	8017
636631185430391149	20	9	8027
636631185430391149	20	0	8032
636631185442832417	2	0	9287
636631185443831470	2	8	9385
636631185444053851	2	17	9392
636631185444053851	2	25	9400
636631185444053851	2	36	9408
636631185444163923	2	46	9416
636631185444387798	2	57	9424
636631185444387798	2	67	9435
636631185444387798	2	77	9441
636631185444610883	2	82	9451
636631185444610883	2	92	9456
636631185444610883	2	99	9464
636631185444831111	2	106	9472
636631185444831111	2	111	9480
636631185444831111	2	116	9488
636631185445055193	2	119	9496
636631185445055193	2	121	9505
636631185445205543	2	124	9512
636631185445398731	2	127	9528
636631185449613866	2	120	9944
636631185449613866	2	111	9955
636631185449613866	2	104	9960
636631185449849025	2	97	9968
636631185449849025	2	92	9976
636631185449849025	2	86	9984
636631185450054180	2	80	9992
636631185450054180	2	74	10001
636631185450054180	2	69	10008
636631185450164255	2	67	10016
636631185450389416	2	65	10035
636631185450389416	2	60	10040
636631185450608489	2	52	10048
636631185450613487	2	42	10056
636631185450613487	2	32	10064
636631185450835257	2	20	10072
636631185450835257	2	8	10083
636631185450953937	2	0	10089
636631185455383783	2	21	10528
636631185455383783	2	68	10536
636631185455643384	2	109	10544
636631185455643384	2	127	10555
636631185460160512	2	110	11011
636631185460160512	2	98	11016
636631185460395662	2	85	11027
636631185460395662	2	77	11032
636631185460395662	2	69	11041
636631185460611289	2	66	11049
636631185460611289	2	65	11056
636631185461171676	2	64	11112
636631185461171676	2	63	11120
636631185461396851	2	61	11129
636631185461396851	2	58	11137
636631185461611990	2	54	11147
636631185461611990	2	50	11152
636631185461611990	2	44	11166
636631185461832149	2	39	11171
636631185461832149	2	32	11179
636631185461837159	2	27	11185
636631185461952241	2	21	11192
636631185462167385	2	17	11200
636631185462167385	2	14	11209
636631185462403781	2	12	11225
636631185462403781	2	11	11235
636631185462609378	2	9	11251
636631185462614382	2	6	11256
636631185462614382	2	4	11266
636631185462850986	2	2	11275
636631185462850986	2	1	11280
636631185463053255	2	0	11290
636631185817823022	20	0	46784
636631185818384880	20	1	46832
636631185818384880	20	8	46840
636631185818605051	20	17	46849
636631185818605051	20	27	46857
636631185818830194	20	36	46867
636631185818830194	20	47	46872
636631185818830194	20	57	46882
636631185819045359	20	66	46892
636631185819045359	20	71	46897
636631185819045359	20	77	46907
636631185819155725	20	80	46912
636631185819421079	20	82	46923
636631185819421079	20	84	46933
636631185821048580	20	83	47109
636631185821378841	20	73	47124
636631185821378841	20	62	47130
636631185821378841	20	53	47135
636631185821619243	20	43	47146
636631185821619243	20	34	47156
636631185821619243	20	26	47161
636631185821824551	20	18	47172
636631185821824551	20	15	47177
636631185823053751	20	17	47296
636631185823053751	20	22	47304
636631185823193840	20	26	47315
636631185823193840	20	36	47320
636631185823383992	20	42	47328
636631185823383992	20	52	47336
636631185823649164	20	62	47344
636631185823649164	20	70	47352
636631185823649164	20	78	47363
636631185823829295	20	88	47368
636631185823829295	20	97	47379
636631185823829295	20	106	47384
636631185824099496	20	114	47394
636631185824099496	20	124	47404
636631185824099496	20	127	47409
636631185826157876	20	118	47619
636631185826378646	20	104	47624
636631185826378646	20	92	47635
636631185826378646	20	80	47640
636631185826603190	20	69	47651
636631185826603190	20	61	47662
636631185826821428	20	53	47667
636631185826821428	20	47	47672
636631185826821428	20	44	47684
636631185828156723	20	48	47816
636631185828382357	20	58	47825
636631185828382357	20	71	47832
636631185828382357	20	88	47841
636631185828607289	20	110	47851
636631185828607289	20	127	47856
636631185830158736	20	122	48010
636631185830158736	20	88	48021
636631185830388908	20	46	48026
636631185830388908	20	9	48035
636631185830388908	20	0	48041
636631185831376440	20	7	48128
636631185831376440	20	50	48137
636631185831604275	20	88	48144
636631185831604275	20	118	48152
636631185831604275	20	127	48163
636631185832161019	20	118	48211
636631185832161019	20	73	48217
636631185832377133	20	26	48224
636631185832377133	20	0	48232
636631185833048357	20	4	48305
636631185833158433	20	24	48312
636631185833158433	20	38	48320
636631185833396445	20	42	48333
636631185833602316	20	43	48365
636631185833824066	20	37	48371
636631185833824066	20	25	48376
636631185833824066	20	13	48384
636631185834048702	20	6	48392
636631185834048702	20	3	48401
636631185834603248	20	5	48452
636631185834603248	20	13	48457
636631185834858575	20	24	48468
636631185834858575	20	36	48473
636631185834858575	20	44	48483
636631185835048097	20	48	48488
636631185835598911	20	49	48562
636631185835823071	20	50	48577
636631185837603751	20	49	48752
636631185837603751	20	41	48760
636631185837826055	20	31	48768
636631185837826055	20	23	48776
636631185837826055	20	17	48784
636631185838043777	20	11	48792
636631185838043777	20	10	48800
636631185838158847	20	8	48811
636631185838419848	20	9	48834
636631185838419848	20	17	48840
636631185838605222	20	40	48850
636631185838605222	20	73	48856
636631185838605222	20	113	48864
636631185838825128	20	127	48873
636631185839620364	20	103	48944
636631185839620364	20	77	48955
636631185839620364	20	64	48960
636631185839825111	20	55	48974
636631185839825111	20	51	48979
636631185840159263	20	58	49016
636631185840379525	20	68	49024
636631185840379525	20	77	49032
636631185840379525	20	82	49042
636631185841048124	20	75	49097
636631185841048124	20	73	49104
636631185841610005	20	75	49160
636631185841825159	20	77	49168
636631185841825159	20	78	49178
636631185842160394	20	72	49216
636631185842385566	20	61	49224
636631185842385566	20	55	49232
636631185842385566	20	53	49240
636631185842826122	20	55	49283
636631185843047679	20	68	49288
636631185843047679	20	78	49297
636631185843047679	20	82	49305
636631185843165013	20	84	49313
636631185843611658	20	78	49352
636631185843611658	20	67	49362
636631185843827174	20	56	49371
636631185843827174	20	45	49376
636631185844063291	20	34	49389
636631185844063291	20	27	49394
636631185844063291	20	25	49400
636631185844158675	20	24	49410
636631185844633469	20	25	49448
636631185844633469	20	26	49458
636631185845159484	20	27	49511
636631185846384835	20	28	49633
636631185846384835	20	30	49643
636631185846605785	20	31	49648
636631185847158480	20	27	49715
636631185847377679	20	21	49721
636631185847377679	20	15	49728
636631185847377679	20	12	49739
636631185847615888	20	11	49744
636631185847822286	20	18	49778
636631185847822286	20	42	49784
636631185848076139	20	69	49793
636631185848076139	20	90	49800
636631185848076139	20	104	49809
636631185848157431	20	111	49816
636631185848382850	20	113	49824
636631185848603423	20	106	49858
636631185848603423	20	89	49864
636631185848830365	20	70	49875
636631185848830365	20	51	49880
636631185849051144	20	35	49889
636631185849051144	20	24	49896
636631185849051144	20	20	49904
636631185849607651	20	32	49947
636631185849607651	20	54	49955
636631185849607651	20	78	49960
636631185849827948	20	98	49968
636631185849827948	20	111	49976
636631185849827948	20	117	49985
636631185850183602	20	118	50013
636631185850377843	20	110	50024
636631185850377843	20	93	50032
636631185850377843	20	73	50040
636631185850633672	20	64	50049
636631185850633672	20	60	50056
636631185850633672	20	58	50064
636631185851080780	20	63	50101
636631185851080780	20	70	50106
636631185851155839	20	77	50116
636631185851396406	20	79	50121
636631185851396406	20	81	50131
636631185851396406	20	82	50136
636631185993596360	20	82	64345
636631185993826529	20	80	64384
636631185994046680	20	67	64392
636631185994046680	20	50	64400
636631185994161762	20	28	64411
636631185994161762	20	25	64416
636631185994386943	20	18	64427
636631185994386943	20	4	64432
636631185994386943	20	0	64442
636631185995597799	20	4	64544
636631185995597799	20	17	64552
636631185995597799	20	35	64563
636631185995863136	20	41	64573
636631185995863136	20	44	64578
636631185995863136	20	64	64584
636631185996043119	20	78	64594
636631185996043119	20	89	64604
636631185996043119	20	97	64609
636631185996168191	20	99	64620
636631185996378355	20	101	64625
636631185997153907	20	102	64715
636631185997384057	20	100	64720
636631185997384057	20	86	64728
636631185997384057	20	71	64739
636631185997599215	20	53	64745
636631185997599215	20	45	64755
636631185997834394	20	37	64770
636631185997834394	20	25	64776
636631185998044541	20	18	64787
636631185998044541	20	17	64792
636631185998044541	20	16	64800
636631185998599928	20	20	64851
636631185998599928	20	37	64856
636631185998599928	20	45	64864
636631185998820110	20	48	64874
636631185998820110	20	75	64885
636631185999045282	20	110	64890
636631185999045282	20	127	64899
636631186000376843	20	114	65027
636631186000376843	20	96	65032
636631186000376843	20	73	65042
636631186000602009	20	69	65052
636631186000602009	20	63	65057
636631186000602009	20	52	65064
636631186000822191	20	47	65072
636631186000822191	20	44	65081
636631186001047317	20	43	65091
636631186001387559	20	46	65137
636631186001627733	20	61	65144
636631186001627733	20	65	65152
636631186001822878	20	86	65168
636631186001822878	20	116	65176
636631186001822878	20	127	65184
636631186002833586	20	123	65269
636631186002833586	20	99	65274
636631186002833586	20	71	65279
636631186003043750	20	61	65289
636631186003043750	20	59	65299
636631186003043750	20	45	65304
636631186003183852	20	36	65314
636631186003378983	20	30	65323
636631186003378983	20	26	65328
636631186003378983	20	25	65337
636631186004084482	20	26	65400
636631186004154526	20	35	65413
636631186004154526	20	46	65418
636631186004384693	20	66	65424
636631186004384693	20	82	65432
636631186004384693	20	94	65440
636631186004599849	20	120	65448
636631186004599849	20	127	65456
636631186005385417	20	121	65528
636631186005390412	20	91	65536
636631186005600570	20	75	65545
636631186005600570	20	50	65555
636631186005600570	20	28	65560
636631186005850751	20	23	65571
636631186005850751	20	13	65576
636631186005850751	20	0	65587
636631186007040960	20	6	65696
636631186007040960	20	22	65706
636631186007166044	20	51	65716
636631186007166044	20	92	65721
636631186007376350	20	101	65731
636631186007376350	20	127	65736
636631186008597225	20	107	65856
636631186008597225	20	104	65865
636631186008842383	20	75	65873
636631186008842383	20	46	65883
636631186008842383	20	19	65888
636631186009062539	20	15	65897
636631186009062539	20	0	65904
636631186010043249	20	33	66000
636631186010158328	20	40	66013
636631186010158328	20	56	66018
636631186010418525	20	87	66029
636631186010418525	20	127	66034
636631186012040115	20	93	66192
636631186012040115	20	63	66201
636631186012040115	20	61	66208
636631186012165213	20	36	66219
636631186012380357	20	1	66224
636631186012380357	20	0	66234
636631186013821389	20	14	66368
636631186013821389	20	68	66379
636631186013821389	20	127	66384
636631186015598526	20	116	66547
636631186015598526	20	65	66552
636631186015598526	20	21	66562
636631186015823678	20	0	66571
636631186016819860	20	15	66665
636631186016819860	20	61	66677
636631186016819860	20	112	66682
636631186016819860	20	127	66687
636631186018596110	20	121	66850
636631186018596110	20	95	66860
636631186018831398	20	74	66865
636631186018831398	20	62	66875
636631186018831398	20	51	66881
636631186019116595	20	46	66888
636631186019116595	20	45	66896
636631186019596934	20	52	66955
636631186019596934	20	70	66960
636631186019822091	20	100	66968
636631186019822091	20	127	66978
636631186021598353	20	118	67144
636631186021598353	20	84	67152
636631186021598353	20	57	67160
636631186021823511	20	27	67168
636631186021823511	20	7	67178
636631186021823511	20	0	67183
636631186023605141	20	9	67360
636631186023825326	20	21	67370
636631186023825326	20	30	67380
636631186023825326	20	47	67386
636631186024050455	20	60	67396
636631186024050455	20	77	67402
636631186024185554	20	89	67412
636631186024190566	20	99	67417
636631186024380693	20	105	67424
636631186024380693	20	107	67435
636631186025051168	20	108	67499
636631186025156260	20	104	67515
636631186025156260	20	92	67521
636631186025376419	20	80	67529
636631186025376419	20	67	67539
636631186025601588	20	53	67545
636631186025601588	20	39	67552
636631186025821719	20	19	67565
636631186025821719	20	0	67571
636631186037045548	2	0	68696
636631186037045548	2	1	68705
636631186037170423	2	9	68712
636631186037170423	2	22	68720
636631186037380564	2	34	68728
636631186037380564	2	43	68737
636631186037620735	2	49	68747
636631186037620735	2	55	68752
636631186037820869	2	62	68766
636631186037820869	2	70	68771
636631186037820869	2	77	68776
636631186037820869	2	82	68785
636631186038076065	2	87	68792
636631186038076065	2	91	68802
636631186038076065	2	96	68808
636631186038151135	2	100	68818
636631186038396299	2	102	68823
636631186038396299	2	103	68834
636631186038601436	2	105	68857
636631186038601436	2	106	68864
636631186039376977	2	101	68929
636631186039376977	2	91	68937
636631186039607141	2	82	68947
636631186039607141	2	70	68957
636631186039607141	2	58	68962
636631186039822311	2	43	68972
636631186039822311	2	33	68978
636631186040067722	2	21	68988
636631186040067722	2	10	68993
636631186040067722	2	4	69003
636631186040072489	2	0	69009
636631186041053185	2	11	69104
636631186041188281	2	24	69114
636631186041188281	2	46	69119
636631186041393410	2	77	69129
636631186041393410	2	112	69140
636631186041598570	2	127	69145
636631186042824446	2	113	69267
636631186042824446	2	81	69272
636631186042824446	2	49	69282
636631186043039593	2	22	69287
636631186043039593	2	0	69297
636631186044150390	2	1	69418
636631186044370529	2	47	69428
636631186044375536	2	98	69433
636631186044640727	2	127	69444
636631186046041733	2	101	69603
636631186046151815	2	80	69613
636631186046151815	2	60	69618
636631186046396975	2	47	69628
636631186046396975	2	39	69633
636631186046597134	2	34	69643
636631186046597134	2	33	69648
636631186047597827	2	36	69755
636631186047597827	2	47	69760
636631186047838015	2	65	69770
636631186047838015	2	84	69775
636631186047838015	2	106	69786
636631186048048162	2	127	69793
636631186049044019	2	118	69904
636631186049154103	2	105	69912
636631186049374251	2	85	69925
636631186049374251	2	66	69930
636631186049374251	2	41	69940
636631186049599412	2	23	69945
636631186049599412	2	5	69955
636631186049599412	2	0	69960
636631186051045450	2	12	70100
636631186051045450	2	48	70106
636631186051180552	2	77	70116
636631186051375693	2	97	70121
636631186051375693	2	111	70131
636631186051375693	2	120	70136
636631186051631120	2	127	70146
636631186052606684	2	118	70256
636631186052606684	2	105	70264
636631186052826846	2	85	70275
636631186052826846	2	60	70285
636631186053052004	2	28	70290
636631186053052004	2	0	70300
636631186054153543	2	5	70418
636631186054373688	2	36	70428
636631186054373688	2	56	70433
636631186054623863	2	71	70443
636631186054623863	2	84	70448
636631186054623863	2	93	70459
636631186054623863	2	101	70465
636631186054819002	2	105	70475
636631186054819002	2	108	70481
636631186055599601	2	106	70555
636631186055599601	2	100	70563
636631186055844750	2	87	70568
636631186055844750	2	72	70578
636631186055844750	2	54	70583
636631186056039883	2	35	70594
636631186056039883	2	14	70604
636631186056039883	2	0	70609
636631186057370833	2	10	70733
636631186057370833	2	43	70738
636631186057606032	2	68	70743
636631186057606032	2	82	70752
636631186057606032	2	96	70763
636631186057821165	2	106	70769
636631186057821165	2	115	70776
636631186057821165	2	119	70784
636631186058376555	2	120	70824
636631186058626742	2	115	70843
636631186058626742	2	107	70849
636631186058626742	2	97	70857
636631186058626742	2	87	70864
636631186058822100	2	74	70872
636631186058822100	2	61	70883
636631186059072276	2	45	70893
636631186059072276	2	28	70898
636631186059072276	2	15	70908
636631186059152324	2	0	70913
636631186060593743	2	11	71045
636631186060593743	2	39	71050
636631186060593743	2	77	71056
636631186060843919	2	113	71066
636631186060843919	2	127	71076
636631186062385019	2	109	71221
636631186062385019	2	73	71226
636631186062385019	2	41	71236
636631186062385019	2	11	71241
636631186062605201	2	0	71248
636631186063605888	2	17	71347
636631186063605888	2	42	71352
636631186063605888	2	69	71363
636631186063821061	2	91	71373
636631186063821061	2	106	71378
636631186064041215	2	119	71387
636631186064041215	2	127	71392
636631186064821822	2	118	71480
636631186065041928	2	108	71488
636631186065041928	2	97	71496
636631186065041928	2	86	71504
636631186065192034	2	74	71515
636631186065192034	2	59	71520
636631186065502241	2	45	71530
636631186065502241	2	28	71546
636631186065502241	2	16	71547
636631186065547276	2	4	71551
636631186065822466	2	0	71561
636631186066604222	2	2	71649
636631186066604222	2	17	71659
636631186066604222	2	33	71664
636631186066844387	2	51	71674
636631186066844387	2	66	71685
636631186067044533	2	78	71690
636631186067044533	2	87	71695
636631186067044533	2	93	71705
636631186067159626	2	95	71712
636631186067159626	2	96	71720
636631186068070274	2	90	71787
636631186068070274	2	83	71792
636631186068070274	2	74	71800
636631186068155338	2	62	71810
636631186068155338	2	49	71816
636631186068385487	2	33	71824
636631186068385487	2	16	71834
636631186068610682	2	4	71845
636631186068610682	2	0	71850
636631186069816506	2	4	71968
636631186069816506	2	32	71978
636631186070041684	2	63	71988
636631186070041684	2	92	71993
636631186070041684	2	119	72004
636631186070041684	2	127	72009
636631186071372631	2	106	72139
636631186071602787	2	82	72144
636631186071602787	2	54	72154
636631186071602787	2	22	72164
636631186071817948	2	0	72169
636631186072818652	2	12	72271
636631186072818652	2	44	72282
636631186073043813	2	88	72292
636631186073043813	2	122	72297
636631186073043813	2	127	72307
636631186074374769	2	123	72424
636631186074374769	2	111	72432
636631186074374769	2	99	72440
636631186074599946	2	86	72448
636631186074599946	2	73	72456
636631186074820074	2	58	72467
636631186074820074	2	45	72472
636631186074820074	2	28	72482
636631186075040237	2	17	72492
636631186075040237	2	6	72497
636631186075040237	2	0	72507
636631188966668516	20	0	20407
636631188969099335	20	1	20649
636631188969099335	20	2	20655
636631188969099335	20	3	20660
636631188969210197	20	4	20670
636631188969439403	20	5	20692
636631188969654556	20	6	20710
636631188969654556	20	7	20716
636631188970104546	20	8	20752
636631188970434981	20	9	20788
636631188970879203	20	10	20820
636631188970879203	20	11	20838
636631188971212723	20	12	20862
636631188971657447	20	13	20916
636631188971874653	20	14	20926
636631188972098718	20	15	20957
636631188974878472	20	16	21233
636631188976879321	20	18	21428
636631188977876915	20	19	21521
636631188978436333	20	21	21575
636631188978881670	20	22	21623
636631188979212238	20	23	21664
636631188981097478	20	24	21853
636631188981433926	20	25	21874
636631188982433076	20	26	21977
636631188995100998	20	27	23246
636631189010657384	20	27	24806
636631189012875875	20	26	25038
636631189019872749	20	25	25732
636631189020208287	20	24	25769
636631189020654431	20	23	25805
636631189020875770	20	22	25831
636631189020875770	20	21	25836
636631189022099291	20	20	25941
636631189022244834	20	19	25968
636631189030435557	20	20	26784
636631189032433991	20	21	26977
636631189032433991	20	23	26987
636631189032875972	20	24	27025
636631189033097566	20	25	27042
636631189038097676	20	26	27546
636631189038435001	20	27	27577
636631189044097420	20	28	28149
636631189045652448	20	29	28305
636631189045652448	20	30	28316
636631189045878247	20	31	28324
636631189045878247	20	32	28332
636631189046434517	20	33	28373
636631189046434517	20	34	28389
636631189046668553	20	35	28399
636631189046668553	20	36	28404
636631189050442114	20	37	28788
636631189051101427	20	38	28846
636631189051651750	20	37	28910
636631189051878199	20	36	28929
636631189051878199	20	35	28935
636631189052099590	20	34	28955
636631189052099590	20	33	28960
636631189052658270	20	32	28997
636631189054654196	20	30	29197
636631189054654196	20	29	29203
636631189054654196	20	28	29213
636631189054873982	20	27	29223
636631189055102435	20	26	29243
636631189056873508	20	25	29429
636631189057430896	20	24	29476
636631189057430896	20	23	29486
636631189059208529	20	22	29673
636631189059433926	20	21	29678
636631189059433926	20	20	29684
636631189059433926	20	19	29694
636631189059659708	20	18	29714
636631189063096480	20	17	30057
636631189063429552	20	16	30091
636631189063655205	20	15	30110
636631189063655205	20	14	30116
636631189064207114	20	13	30166
636631189064207114	20	12	30172
636631189064879681	20	11	30228
636631189065096200	20	10	30249
636631189065096200	20	8	30254
636631189065433377	20	7	30280
636631189065433377	20	5	30285
636631189067430759	20	3	30476
636631189067870793	20	2	30534
636631189075429634	20	3	31290
636631189075429634	20	4	31295
636631189075696861	20	5	31300
636631189075696861	20	6	31315
636631189078100695	20	7	31558
636631189078225790	20	8	31573
636631189078873638	20	9	31620
636631189079871765	20	10	31731
636631189080097410	20	11	31743
636631189080428994	20	12	31791
636631189080873433	20	13	31833
636631189082097888	20	14	31951
636631189082213190	20	15	31969
636631189082429010	20	16	31990
636631189082654179	20	17	31996
636631189082879339	20	18	32038
636631189083104488	20	19	32053
636631189083214567	20	20	32069
636631189084429757	20	21	32177
636631189084653825	20	22	32198
636631189084874854	20	23	32219
636631189084874854	20	24	32234
636631189085100094	20	25	32250
636631189085429024	20	26	32281
636631189085654731	20	27	32300
636631189086430839	20	28	32374
636631189090095819	20	30	32751
636631189090095819	20	32	32756
636631189090215902	20	33	32767
636631189090215902	20	34	32772
636631189090430972	20	35	32783
636631189090430972	20	36	32788
636631189090662291	20	37	32798
636631189090877421	20	38	32834
636631189091119346	20	39	32849
636631189092429119	20	37	32988
636631189093099647	20	41	33055
636631189093099647	20	42	33060
636631189093229498	20	45	33070
636631189093432098	20	48	33075
636631189093432098	20	49	33085
636631189093432098	20	51	33091
636631189093683008	20	53	33100
636631189093683008	20	55	33111
636631189093874233	20	56	33127
636631189093874233	20	58	33132
636631189094137326	20	59	33153
636631189094447544	20	61	33174
636631189094907866	20	62	33236
636631189095218104	20	64	33270
636631189095433240	20	66	33276
636631189095433240	20	68	33286
636631189095433240	20	71	33292
636631189095653403	20	72	33302
636631189095653403	20	74	33307
636631189095878429	20	76	33318
636631189095878429	20	78	33324
636631189095878429	20	79	33332
636631189096099507	20	82	33350
636631189096099507	20	84	33358
636631189096208718	20	86	33363
636631189096472747	20	89	33383
636631189096656684	20	90	33398
636631189096656684	20	91	33403
636631189096924034	20	92	33426
636631189096924034	20	93	33431
636631189096924034	20	94	33436
636631189097229884	20	95	33464
636631189097430049	20	96	33479
636631189097430049	20	97	33494
636631189097877014	20	98	33534
636631189098134041	20	100	33556
636631189098437536	20	101	33577
636631189098653898	20	103	33614
636631189098892849	20	104	33631
636631189099100980	20	105	33648
636631189099211067	20	106	33664
636631189099211067	20	107	33669
636631189099431677	20	109	33690
636631189100428338	20	110	33794
636631189100876919	20	111	33823
636631189101098419	20	112	33844
636631189101098419	20	113	33851
636631189101098419	20	114	33859
636631189101464067	20	115	33874
636631189101654462	20	117	33901
636631189101654462	20	119	33916
636631189101912414	20	121	33927
636631189101912414	20	123	33932
636631189102649672	20	125	34004
636631189103428371	20	126	34077
636631189108651047	20	125	34600
636631189108656048	20	124	34611
636631189108906594	20	122	34622
636631189108906594	20	121	34631
636631189108906594	20	120	34636
636631189109101844	20	119	34655
636631189109653099	20	118	34707
636631189109653099	20	117	34716
636631189109874853	20	115	34724
636631189109874853	20	113	34734
636631189110099232	20	112	34743
636631189110099232	20	110	34748
636631189110099232	20	109	34755
636631189110237045	20	108	34766
636631189110432184	20	107	34775
636631189110432184	20	106	34780
636631189110432184	20	105	34791
636631189110682374	20	103	34796
636631189110878704	20	102	34821
636631189110878704	20	101	34831
636631189111125099	20	100	34852
636631189111878792	20	99	34918
636631189111878792	20	97	34928
636631189112101050	20	96	34943
636631189112101050	20	95	34948
636631189112101050	20	94	34961
636631189112211143	20	93	34966
636631189112876543	20	92	35022
636631189112876543	20	91	35027
636631189113097107	20	90	35053
636631189113212180	20	89	35068
636631189114207730	20	88	35164
636631189114430375	20	86	35180
636631189114430375	20	85	35191
636631189114655949	20	84	35211
636631189114876890	20	82	35222
636631189115099869	20	80	35247
636631189115099869	20	79	35252
636631189115431533	20	78	35273
636631189118103845	20	76	35548
636631189118103845	20	75	35558
636631189118253947	20	74	35568
636631189118434075	20	73	35583
636631189120652515	20	72	35798
636631189120872620	20	71	35819
636631189120872620	20	70	35829
636631189121100261	20	68	35850
636631189123094792	20	67	36040
636631189123094792	20	66	36060
636631189124099949	20	64	36152
636631189124099949	20	63	36157
636631189124210709	20	61	36168
636631189124433395	20	60	36189
636631189127653861	20	58	36502
636631189133871368	20	57	37134
636631189134100166	20	56	37153
636631189134653962	20	55	37201
636631189134872821	20	54	37220
636631189135099196	20	52	37255
636631189135428097	20	51	37295
636631189135874478	20	49	37332
636631189136099415	20	48	37356
636631189136210016	20	46	37372
636631189136430152	20	45	37394
636631189136879233	20	43	37426
636631189136879233	20	42	37430
636631189137111589	20	40	37461
636631189137433434	20	39	37490
636631189137649662	20	37	37511
636631189138099709	20	36	37545
636631189138650280	20	35	37614
636631189138882793	20	34	37634
636631189139099486	20	33	37644
636631189139209929	20	31	37662
636631189139435922	20	30	37676
636631189139651577	20	28	37699
636631189139872449	20	27	37724
636631189140098670	20	25	37750
636631189140098670	20	24	37755
636631189141100791	20	23	37847
636631189141876814	20	21	37924
636631189153651755	20	22	39107
636631189155650991	20	23	39308
636631189155876154	20	24	39329
636631189156428077	20	25	39380
636631189156653522	20	26	39397
636631189166428755	20	25	40384
636631189166876681	20	24	40437
636631197155077052	20	24	6733
636631197157064373	20	28	6930
636631197157064373	20	34	6938
636631197157290397	20	39	6946
636631197157290397	20	46	6953
636631197157290397	20	53	6962
636631197157433368	20	57	6970
636631197157625091	20	62	6978
636631197157625091	20	67	6986
636631197157625091	20	69	6994
636631197157880584	20	72	7002
636631197157880584	20	74	7010
636631197157880584	20	76	7021
636631197158066095	20	77	7026
636631197158066095	20	80	7034
636631197158066095	20	81	7042
636631197158287959	20	83	7050
636631197158287959	20	85	7058
636631197158287959	20	87	7066
636631197158400849	20	88	7074
636631197158631218	20	91	7082
636631197158631218	20	94	7090
636631197158631218	20	97	7098
636631197158843797	20	100	7106
636631197158843797	20	104	7114
636631197159077484	20	108	7122
636631197159077484	20	110	7130
636631197159077484	20	113	7138
636631197159287711	20	117	7146
636631197159287711	20	120	7157
636631197159287711	20	122	7162
636631197159403814	20	126	7172
636631197159617604	20	127	7178
636631197176284100	20	125	8865
636631197176423977	20	117	8877
636631197176620462	20	110	8882
636631197176620462	20	104	8891
636631197176620462	20	96	8898
636631197176870774	20	86	8906
636631197176870774	20	78	8914
636631197177064071	20	70	8925
636631197177064071	20	63	8930
636631197177064071	20	55	8938
636631197177321414	20	50	8946
636631197177321414	20	42	8954
636631197177321414	20	36	8962
636631197177396558	20	30	8973
636631197177622557	20	22	8978
636631197177622557	20	15	8986
636631197177622557	20	7	8994
636631197177845211	20	0	9002
636631197263614204	20	1	17585
636631218269991608	20	0	17889
636631218279978454	20	1	18897
636631218279978454	20	2	18903
636631218280202194	20	3	18926
636631218280532398	20	4	18963
636631218280753153	20	5	18984
636631218281535000	20	6	19064
636631218285976701	20	7	19507
636631218287197722	20	5	19618
636631218287318885	20	4	19634
636631218287532034	20	2	19650
636631218287757682	20	1	19666
636631218287757682	20	0	19682
636631218297979061	20	1	20693
636631218331751277	20	2	24066
636631218374751025	20	1	28368
636631218830088478	20	0	13141
636631218831309666	20	2	13268
636631218831309666	20	4	13274
636631218831309666	20	7	13282
636631218831524996	20	9	13290
636631218831524996	20	12	13297
636631218831640075	20	16	13308
636631218831640075	20	19	13313
636631218831855776	20	21	13321
636631218831855776	20	23	13329
636631218831855776	20	24	13337
636631218832075918	20	26	13346
636631218832075918	20	29	13354
636631218832299109	20	31	13364
636631218832299109	20	33	13372
636631218832685643	20	35	13388
636631218832685643	20	37	13393
636631218832685643	20	38	13401
636631218832685643	20	40	13415
636631218832685643	20	41	13418
636631218832855761	20	43	13425
636631218833080246	20	46	13450
636631218833080246	20	47	13460
636631218833314641	20	49	13465
636631218833314641	20	51	13474
636631218833314641	20	54	13482
636631218833522336	20	57	13489
636631218833522336	20	58	13498
636631218833632405	20	61	13509
636631218833632405	20	62	13514
636631218833856180	20	65	13522
636631218833856180	20	68	13530
636631218833856180	20	71	13538
636631218834090911	20	72	13546
636631218834090911	20	74	13556
636631218834090911	20	76	13561
636631218834302173	20	78	13570
636631218834302173	20	80	13583
636631218834559493	20	82	13594
636631218834559493	20	83	13602
636631218834634549	20	85	13609
636631218834874931	20	86	13617
636631218834874931	20	88	13636
636631218835082478	20	89	13641
636631218835082478	20	91	13650
636631218835336114	20	93	13669
636631218835336114	20	95	13674
636631218835336114	20	96	13682
636631218835521562	20	98	13690
636631218835521562	20	101	13698
636631218835521562	20	103	13706
636631218835651972	20	106	13714
636631218835856202	20	110	13722
636631218835856202	20	116	13730
636631218835856202	20	120	13738
636631218836115578	20	127	13746
636631218915852716	20	126	21738
636631219020519631	20	127	32189
636631219402519930	20	127	6500
636631219404840448	20	126	6722
636631219404840448	20	124	6727
636631219404840448	20	123	6734
636631219405062341	20	122	6745
636631219405062341	20	120	6751
636631219405062341	20	119	6759
636631219405297414	20	117	6767
636631219405297414	20	116	6777
636631219405297414	20	114	6782
636631219405508448	20	113	6792
636631219405508448	20	112	6802
636631219405623019	20	110	6807
636631219405846731	20	109	6829
636631219405846731	20	108	6839
636631219408843999	20	109	7135
636631219409063229	20	111	7159
636631219409288410	20	112	7172
636631219409288410	20	113	7177
636631219409288410	20	114	7183
636631219409511127	20	116	7196
636631219409511127	20	117	7201
636631219409626208	20	118	7206
636631219409626208	20	120	7215
636631219409840863	20	122	7236
636631219410075523	20	123	7241
636631219410286445	20	124	7265
636631219410286445	20	126	7282
636631219410533818	20	127	7295
636631219415507527	20	124	7799
636631219415634589	20	120	7807
636631219415634589	20	118	7817
636631219415842275	20	115	7822
636631219415842275	20	112	7831
636631219415842275	20	110	7839
636631219416067310	20	108	7850
636631219416067310	20	107	7855
636631219416288433	20	106	7863
636631219416288433	20	105	7873
636631219416288433	20	104	7882
636631219416508590	20	103	7903
636631219416665568	20	102	7914
636631219416845782	20	101	7934
636631219417062546	20	100	7959
636631219417293074	20	99	7978
636631219417847124	20	98	8026
636631219417847124	20	97	8031
636631219418082300	20	96	8040
636631219418082300	20	95	8057
636631219418288225	20	93	8063
636631219418288225	20	92	8082
636631219418543848	20	90	8087
636631219418543848	20	89	8105
636631219418620780	20	88	8111
636631219418866548	20	87	8118
636631219418866548	20	84	8138
636631219419066919	20	83	8154
636631219419066919	20	82	8159
636631219419328991	20	81	8167
636631219419399027	20	80	8189
636631219419399027	20	78	8194
636631219419644549	20	77	8210
636631219419644549	20	75	8215
636631219419846761	20	74	8234
636631219420103394	20	73	8240
636631219420103394	20	72	8258
636631219420288512	20	71	8269
636631219420513829	20	70	8284
636631219420624141	20	69	8311
636631219420874547	20	68	8335
636631219421064754	20	66	8351
636631219421333595	20	65	8369
636631219421333595	20	64	8375
636631219421333595	20	63	8383
636631219421513883	20	62	8391
636631219421654102	20	60	8407
636631219421844107	20	59	8423
636631219421844107	20	57	8431
636631219422065127	20	56	8447
636631219422065127	20	55	8458
636631219422290658	20	54	8463
636631219422510470	20	53	8485
636631219422510470	20	51	8501
636631219422625555	20	50	8506
636631219422625555	20	49	8511
636631219422845734	20	48	8521
636631219422845734	20	47	8534
636631219423095915	20	45	8554
636631219423286652	20	44	8565
636631219423690723	20	42	8606
636631219423845851	20	41	8632
636631219424292938	20	40	8662
636631219430842162	20	41	9329
636631219431506003	20	42	9393
636631219431621090	20	43	9412
636631219432063499	20	44	9444
636631219432294108	20	45	9482
636631219432510225	20	46	9492
636631219432842638	20	47	9534
636631219435060394	20	48	9748
636631219445616718	20	49	10816
636631219445840821	20	50	10832
636631219447059486	20	51	10948
636631220408496934	20	51	5872
636631220411152232	20	52	6135
636631220411152232	20	53	6141
636631220411488660	20	54	6160
636631220411488660	20	55	6165
636631220411488660	20	56	6175
636631220411727083	20	57	6181
636631220411727083	20	58	6191
636631220411937538	20	59	6202
636631220411937538	20	60	6216
636631220412193190	20	61	6237
636631220412504323	20	62	6258
636631220412710724	20	63	6290
636631220412710724	20	64	6295
636631220412970786	20	65	6312
636631220413158555	20	66	6327
636631220413158555	20	68	6343
636631220413491864	20	69	6359
636631220413752160	20	71	6392
636631220414156628	20	72	6442
636631220414708459	20	73	6480
636631220414708459	20	74	6496
636631220415265799	20	75	6546
636631220415712031	20	76	6595
636631220415932328	20	77	6613
636631220416153468	20	78	6637
636631220416498834	20	79	6677
636631220416709402	20	80	6685
636631220416931421	20	81	6711
636631220417155523	20	82	6727
636631220417155523	20	83	6733
636631220417487458	20	84	6759
636631220417487458	20	85	6768
636631220417487458	20	86	6773
636631220418265271	20	87	6845
636631220418495024	20	88	6866
636631220418495024	20	89	6872
636631220418937043	20	90	6903
636631220418937043	20	91	6908
636631220418937043	20	92	6919
636631220419157747	20	93	6930
636631220419267828	20	94	6952
636631220419718736	20	95	7000
636631220421708090	20	96	7200
636631220422154490	20	97	7240
636631220422934949	20	98	7303
636631220424708878	20	100	7479
636631220425159712	20	101	7531
636631220425707689	20	103	7583
636631220430487488	20	102	8071
636631220430707956	20	101	8093
636631220431155511	20	100	8130
636631220431295907	20	99	8151
636631220431487976	20	98	8167
636631220431710539	20	97	8189
636631220431710539	20	96	8199
636631220431935579	20	95	8218
636631220432495972	20	94	8265
636631220432711128	20	93	8281
636631220432711128	20	92	8286
636631220432961309	20	91	8308
636631220433166458	20	90	8323
636631220436930286	20	89	8704
636631220436930286	20	88	8714
636631220437157494	20	87	8734
636631220439155626	20	86	8941
636631220440152281	20	85	9024
636631220440152281	20	84	9039
636631220446929947	20	85	9711
636631220447488698	20	86	9758
636631220450152712	20	87	10044
636631220450712466	20	88	10081
636631220450931041	20	89	10101
636631220458708518	20	90	10890
636631220471708301	20	89	12186
636631220471932015	20	87	12207
636631220858925017	20	88	50906
636631220943259613	20	86	59351
636631220975363892	20	87	62565
636631223578520501	20	87	322862
636631223580523280	20	86	323072
636631223580658713	20	85	323088
636631223580903480	20	84	323104
636631223581298650	20	83	323151
636631223581918821	20	82	323202
636631223582466128	20	81	323261
636631223582466128	20	80	323272
636631223582878099	20	79	323303
636631223583107986	20	78	323323
636631223588903534	20	79	323896
636631223589464697	20	81	323959
636631223589890915	20	82	324010
636631223590268167	20	84	324044
636631223590918630	20	85	324102
636631223591313914	20	86	324143
636631223591494040	20	87	324164
636631223591674165	20	88	324180
636631223592903975	20	89	324312
636631223596076527	20	90	324631
636631223596286686	20	91	324654
636631223596496581	20	92	324678
636631223596710141	20	93	324694
636631223597076886	20	94	324730
636631223601509404	20	96	325161
636631223602078895	20	97	325222
636631223602469181	20	98	325264
636631223602724360	20	99	325279
636631223603056465	20	100	325331
636631223603699368	20	101	325377
636631223603912038	20	102	325401
636631223604474236	20	103	325464
636631223604679966	20	104	325496
636631223604897152	20	105	325514
636631223605681120	20	106	325584
636631223606097440	20	107	325635
636631223606282971	20	108	325640
636631223606282971	20	109	325648
636631223607092844	20	108	325733
636631223607303119	20	106	325741
636631223607303119	20	104	325749
636631223607303119	20	102	325757
636631223607478243	20	100	325767
636631223607478243	20	99	325774
636631223607694563	20	98	325784
636631223607694563	20	97	325790
636631223607694563	20	95	325798
636631223607929730	20	94	325813
636631223608115378	20	92	325824
636631223608115378	20	91	325829
636631223608320521	20	89	325848
636631223608462810	20	88	325873
636631223608724102	20	86	325890
636631223608904221	20	85	325906
636631223608904221	20	83	325917
636631223609119771	20	82	325926
636631223609263526	20	80	325951
636631223609723859	20	79	325999
636631223613506068	20	78	326373
636631223618659187	20	79	326894
636631223620660706	20	81	327083
636631223621081869	20	82	327137
636631223622112232	20	83	327223
636631223622112232	20	84	327240
636631223623467964	20	85	327374
636631223629490083	20	86	327967
636631223630467702	20	87	328064
636631223718723740	20	87	336900
636631223720670029	20	88	337084
636631223720920198	20	89	337109
636631223721060743	20	90	337128
636631223721484971	20	91	337165
636631223721904546	20	92	337205
636631223722114738	20	93	337235
636631223722505247	20	94	337276
636631223727682962	20	93	337786
636631223727892339	20	92	337806
636631223727892339	20	91	337816
636631223728122551	20	90	337821
636631223728303777	20	89	337856
636631223728669667	20	88	337877
636631223729288267	20	87	337936
636631223729293271	20	86	337947
636631223729293271	20	84	337952
636631223729698827	20	83	337992
636631223729698827	20	82	337998
636631223729884224	20	81	338014
636631223730324674	20	80	338040
636631223730324674	20	79	338056
636631223731000147	20	78	338125
636631223731130245	20	77	338136
636631223731300360	20	76	338151
636631223731495488	20	75	338167
636631223731885777	20	74	338203
636631223732065908	20	73	338218
636631226213184252	20	73	586335
636631226213394433	20	74	586355
636631226217006055	20	75	586726
636631226217231121	20	77	586733
636631226217648062	20	79	586771
636631226217648062	20	80	586776
636631226217648062	20	81	586782
636631226217648062	20	82	586790
636631226217808176	20	83	586800
636631226218054209	20	84	586810
636631226218054209	20	85	586825
636631226218214311	20	86	586840
636631226218404447	20	87	586856
636631226218404447	20	89	586864
636631226219010662	20	90	586915
636631226219244395	20	91	586943
636631226220436016	20	92	587051
636631226224401617	20	90	587466
636631226227014665	20	89	587726
636631226228622180	20	88	587886
636631226228847343	20	87	587894
636631226228847343	20	86	587904
636631226229042485	20	83	587920
636631226229192586	20	82	587946
636631226229408341	20	81	587967
636631226231380298	20	79	588156
636631226270635882	20	80	592082
636631226290788965	20	87	594107
636631226347823586	20	86	599800
636631226427625556	20	87	607784
636631226463796460	20	88	611400
636631227292397831	20	87	694268
636631227338625755	20	86	698886
636631228144807490	20	85	779498
636631228187947891	20	87	783812
636631228223171163	20	88	787340
636631228566772541	20	87	821687
636631228593589152	20	86	824375
636631228621977127	20	85	827209
636631228661583785	20	88	831177
636631228863104842	20	89	851320
636631228939709681	20	88	858982
636631229178929236	20	87	882905
636631229212718527	20	86	886296
636631231108284416	20	0	18637
636631231138247763	20	86	21641
636631231196844764	20	87	27511
636631231235434831	20	88	31368
636631232239688042	20	88	6512
636631232269247788	20	87	9472
636631232297480459	20	86	12303
636631232319647300	20	85	14515
636631232338890596	20	89	16429
636631232372847391	20	88	19824
636631233020660626	20	0	6033
636631233039086000	20	1	7873
636631233052084004	20	2	9185
636631233219891446	20	1	25968
636631233244032622	20	0	28373
636631233259439366	20	1	29922
636631233274057811	20	2	31380
636631234383191496	20	79	7842
636631234384171855	20	80	7939
636631234384397018	20	81	7963
636631234384397018	20	82	7968
636631234384837329	20	78	8008
636631234384837329	20	71	8016
636631234384837329	20	65	8024
636631234384952416	20	56	8032
636631234385173249	20	54	8040
636631234385173249	20	46	8058
636631234385398714	20	43	8064
636631234385398714	20	41	8074
636631234385398714	20	37	8081
636631234385614158	20	34	8088
636631234385614158	20	27	8099
636631234385859287	20	24	8104
636631234385859287	20	21	8115
636631234385859287	20	18	8120
636631234386175250	20	17	8156
636631234386395521	20	16	8161
636631234387840219	20	13	8317
636631234387840219	20	12	8323
636631234388616415	20	11	8389
636631234389170229	20	9	8458
636631234389396954	20	8	8480
636631234389619688	20	6	8488
636631234389840543	20	4	8506
636631234389840543	20	3	8512
636631234389840543	20	0	8523
636631234392169281	20	6	8747
636631234392169281	20	20	8752
636631234392408360	20	32	8760
636631234392408360	20	44	8767
636631234392408360	20	63	8776
636631234392617501	20	73	8784
636631234392617501	20	89	8792
636631234392617501	20	103	8800
636631234392873093	20	105	8810
636631234392873093	20	119	8826
636631234392953569	20	127	8832
636631234633985874	20	127	32931
636631234657042691	20	126	35228
636631241342160708	20	127	703734
636631241424554792	20	127	711987
636631241479129827	20	126	717453
636631242864448950	20	0	22095
636631242900879186	20	127	25735
636631242981269110	20	127	33770
636631243027473870	20	127	38410
636631243030447668	20	126	38690
636631243031031796	20	125	38763
636631243031241655	20	124	38779
636631243031241655	20	123	38784
636631243031472292	20	122	38800
636631243031692452	20	120	38831
636631243032022858	20	119	38862
636631243033468759	20	117	39003
636631243036816818	20	116	39335
636631243047647421	20	115	40431
636631243048032475	20	114	40462
636631243049222217	20	113	40574
636631243051241615	20	112	40790
636631243053426222	20	113	41004
636631243053663037	20	114	41029
636631243053888180	20	115	41055
636631243054048297	20	116	41065
636631243054283464	20	117	41085
636631243055087521	20	118	41156
636631243060647842	20	119	41710
636631243061443297	20	120	41807
636631243062033846	20	121	41858
636631243062627841	20	122	41925
636631243071020700	20	123	42761
636631243071876842	20	124	42850
636631243219675985	20	124	57627
636631243243880973	20	125	60043
636631243282691200	20	123	63927
636631243344851096	20	122	70151
636631243379074727	20	123	73562
636631244890416817	20	125	224699
636631244935486654	20	124	229206
636631245175876077	20	123	253242
636631245545951413	20	122	290248
636631245946295820	20	123	330280
636631245991937059	20	125	334838
636631246546939843	20	124	390344
636631246564148191	20	123	392072
636631246580703999	20	122	393735
636631246605922432	20	125	396249
636631246622926242	20	126	397957
636631247907344758	20	124	9257
636631247947886314	20	0	13312
636631247964108793	20	1	14924
636631247973663596	20	2	15900
636631247982333087	20	3	16763
636631248147121514	20	2	33244
636631248507274514	20	3	69260
636631248507474662	20	0	69265
636631248529485804	20	3	71473
636631249006106378	20	124	6164
636631249007645339	20	123	6322
636631249007870488	20	122	6331
636631249007870488	20	121	6339
636631249008205727	20	120	6357
636631249008205727	20	119	6363
636631249008205727	20	117	6370
636631249008461208	20	116	6396
636631249008651492	20	115	6402
636631249008651492	20	114	6416
636631249008866719	20	112	6432
636631249008866719	20	111	6437
636631249009091874	20	110	6448
636631249009091874	20	109	6464
636631249009425784	20	108	6483
636631249009689330	20	107	6504
636631249009871685	20	106	6534
636631249010089165	20	105	6557
636631249010651331	20	104	6616
636631249010651331	20	103	6621
636631249011200027	20	102	6671
636631249011643973	20	101	6707
636631249011869501	20	99	6728
636631249012427682	20	97	6782
636631249012648409	20	96	6818
636631249013089674	20	94	6859
636631249013249800	20	93	6877
636631249013871254	20	92	6933
636631249013871254	20	91	6944
636631249014203829	20	90	6974
636631249014649317	20	89	7001
636631249015093349	20	88	7058
636631249015234090	20	87	7072
636631249015648890	20	86	7102
636631249015648890	20	85	7120
636631249015906201	20	84	7141
636631249016204473	20	83	7174
636631249016204473	20	82	7179
636631249017093462	20	81	7267
636631249017421097	20	80	7293
636631249017867874	20	78	7330
636631249018650229	20	77	7410
636631249018870394	20	76	7431
636631249018985476	20	75	7451
636631249019430784	20	74	7487
636631249020424620	20	73	7593
636631249020653085	20	72	7613
636631249021203089	20	71	7662
636631249021423739	20	70	7698
636631249021879499	20	69	7739
636631249022420816	20	68	7790
636631249022646741	20	67	7813
636631249023424291	20	66	7893
636631249023645634	20	65	7910
636631249024091410	20	64	7957
636631249025090808	20	63	8061
636631249038647497	20	64	9405
636631249038870773	20	65	9430
636631249039091443	20	66	9455
636631249042091097	20	67	9762
636631249091093826	20	65	14664
636631249111863092	20	66	16737
636631249476639321	20	67	53214
636631249532858738	20	68	58830
636631249560859796	20	69	61644
636631249594413566	20	70	64990
636631250074290532	20	69	112973
636631250705839019	20	65	176142
636631250728244264	20	66	178382
636631250754406960	20	67	180995
636631250772187314	20	68	182770
636631250790820563	20	69	184637
636631251563749942	20	70	2884
636631251593709238	20	69	5884
636631251617261724	20	0	8223
636631251648707743	20	69	11369
636631251680262864	20	68	14525
636631251700710185	20	67	16576
636631251715484565	20	66	18059
636631251733265586	20	65	19835
636631252384816502	20	67	8273
636631252385808733	20	66	8373
636631252386033899	20	65	8391
636631252386249046	20	64	8407
636631252386254055	20	63	8413
636631252386254055	20	62	8421
636631252386474206	20	61	8437
636631252386474206	20	60	8447
636631252386744464	20	59	8456
636631252386806842	20	56	8471
636631252387074808	20	54	8488
636631252387074808	20	52	8493
636631252387263877	20	49	8514
636631252387471962	20	48	8536
636631252387738389	20	46	8557
636631252387738389	20	45	8567
636631252388473091	20	44	8636
636631252391247850	20	46	8920
636631252391470139	20	48	8928
636631252391470139	20	49	8933
636631252391470139	20	51	8944
636631252391698507	20	53	8949
636631252391698507	20	57	8958
636631252391848603	20	59	8976
636631252391848603	20	60	8981
636631252392031200	20	61	9003
636631252392251696	20	62	9009
636631252392471847	20	63	9030
636631252392471847	20	64	9040
636631252392481854	20	65	9045
636631252392697027	20	66	9056
636631252392842125	20	68	9072
636631252393070815	20	69	9085
636631252393290980	20	70	9119
636631252393290980	20	71	9125
636631252393516120	20	73	9134
636631252393741292	20	74	9152
636631252393741292	20	75	9157
636631252393741292	20	76	9168
636631252393811339	20	77	9176
636631252393811339	20	78	9181
636631252394033834	20	79	9200
636631252394299253	20	81	9210
636631252394299253	20	82	9216
636631252394474372	20	84	9226
636631252394474372	20	85	9231
636631252394698783	20	87	9250
636631252394698783	20	89	9256
636631252394698783	20	90	9261
636631252394698783	20	91	9269
636631252394979199	20	93	9291
636631252395034033	20	95	9296
636631252395249745	20	96	9312
636631252395249745	20	98	9317
636631252395484542	20	99	9333
636631252395484542	20	100	9342
636631252395700277	20	101	9349
636631252395700277	20	102	9357
636631252395700277	20	105	9365
636631252395819723	20	106	9376
636631252395819723	20	107	9381
636631252396031250	20	108	9392
636631252396031250	20	110	9400
636631252396307296	20	111	9405
636631252396307296	20	112	9416
636631252396307296	20	113	9424
636631252396477405	20	114	9429
636631252396477405	20	116	9440
636631252396697950	20	119	9456
636631252396818263	20	121	9472
636631252396818263	20	122	9478
636631252397033183	20	124	9498
636631252397033183	20	127	9503
636631252402250296	20	123	10005
636631252402250296	20	120	10016
636631252402250296	20	117	10021
636631252402472665	20	115	10031
636631252402472665	20	112	10041
636631252402472665	20	109	10046
636631252402717837	20	108	10057
636631252402717837	20	106	10064
636631252403471641	20	104	10144
636631252403726823	20	102	10149
636631252403731821	20	101	10157
636631252403731821	20	100	10165
636631252403806877	20	97	10176
636631252403806877	20	95	10181
636631252404057323	20	92	10200
636631252404250375	20	91	10211
636631252404250375	20	90	10216
636631252404250375	20	89	10221
636631252404469834	20	88	10232
636631252404469834	20	87	10237
636631252404724020	20	86	10259
636631252404808790	20	85	10280
636631252405755458	20	84	10357
636631252405760459	20	82	10365
636631252405810495	20	80	10381
636631252406080687	20	79	10389
636631252406255823	20	77	10410
636631252406255823	20	76	10415
636631252406475966	20	74	10435
636631252406475966	20	72	10440
636631252406475966	20	71	10446
636631252406711698	20	70	10456
636631252406711698	20	69	10461
636631252406711698	20	68	10471
636631252406806765	20	67	10481
636631252407031931	20	66	10496
636631252407031931	20	65	10501
636631252407477351	20	64	10533
636631252407701482	20	62	10568
636631252407811546	20	61	10574
636631252407811546	20	60	10582
636631252408031985	20	59	10590
636631252408031985	20	58	10597
636631252408257522	20	57	10605
636631252408257522	20	55	10618
636631252408472686	20	53	10632
636631252408472686	20	52	10637
636631252408477684	20	51	10648
636631252408703224	20	50	10653
636631252408703224	20	49	10661
636631252408703224	20	48	10669
636631252408863335	20	46	10677
636631252409038479	20	45	10685
636631252409253616	20	43	10706
636631252409253616	20	42	10711
636631252409499702	20	40	10737
636631252409499702	20	39	10742
636631252409704860	20	38	10753
636631252409704860	20	37	10758
636631252410473564	20	36	10840
636631252410473564	20	34	10846
636631252410812278	20	33	10872
636631252410812278	20	32	10878
636631252411249860	20	31	10905
636631252411249860	20	30	10923
636631252411491562	20	28	10934
636631252411696708	20	27	10949
636631252412027308	20	25	10991
636631252412472246	20	24	11038
636631252412472246	20	22	11048
636631252412718538	20	21	11053
636631252413481007	20	20	11133
636631252414252710	20	19	11213
636631252415042099	20	18	11289
636631252421250735	20	19	11906
636631252424246717	20	20	12224
636631252424471864	20	21	12230
636631252424696351	20	22	12251
636631252424696351	20	23	12256
636631252493471773	20	22	19135
636631252510693236	20	21	20848
636631252535472878	20	20	23342
636631252568248116	20	19	26607
636631252630024230	20	18	32785
636631252653243878	20	19	35119
636631252675242626	20	20	37310
636631252695245768	20	21	39311
636631252708463717	20	22	40643
636631252720465410	20	23	41834
636631252731691012	20	24	42958
636631252950831827	20	19	64864
636631252976434945	20	18	67439
636631252999212806	20	19	69715
636631253014616756	20	20	71262
636631253033211567	20	21	73117
636631253046026098	20	22	74400
636631253059635417	20	23	75759
636631253078028929	20	24	77589
636631253129264424	20	19	82704
636631253154416816	20	21	85231
636631254068048766	20	20	176591
636631254087469722	20	22	178545
636631254136037443	20	23	183395
636631254164400776	20	24	186238
636631254771779377	20	22	4575
636631254790208355	20	21	6431
636631254811209869	20	20	8531
636631254836869288	20	19	11086
636631255010623326	20	20	28463
636631255032421766	20	21	30654
636631255047844025	20	22	32189
636631255063451100	20	23	33744
636631255566407253	20	0	21185
636631255630796814	20	23	27628
636631255633019901	20	20	27850
636631255633019901	20	17	27860
636631255633215057	20	14	27870
636631255633215057	20	12	27875
636631255633405164	20	10	27896
636631255634187282	20	9	27981
636631255634417480	20	6	27986
636631255634417480	20	5	27997
636631255634417480	20	3	28002
636631255634618087	20	2	28012
636631255635813788	20	0	28132
636631255704414766	20	127	35005
636631255843631157	20	126	48929
636631256232591205	20	127	87819
636631256266830440	20	126	91233
636631256289835449	20	125	93533
636631256416189882	20	126	106170
636631256497767620	20	127	114327
636631256531154784	20	125	117676
636631257637349610	20	0	9513
636631257662539245	20	125	12030
636631257698942343	20	126	15668
636631258030802468	20	127	48863
636631258076941898	20	126	53471
636631258104778469	20	125	56256
636631259678249995	20	0	5885
636631259684015259	20	1	6469
636631259705677263	20	0	8629
636631259722008206	20	1	10261
636631259882381543	20	0	26308
636631260123451245	20	1	50422
636631260437029650	20	2	81765
636631261280629102	20	63	19045
636631261314252254	20	64	22401
636631261396017388	20	63	30574
636631261428441909	20	62	33825
636631261453877127	20	63	36370
636631261476452644	20	64	38626
636631261497882232	20	65	40756
636631261581440885	20	62	49121
636631261603881899	20	63	51363
636631261622259026	20	64	53201
636631261642046849	20	65	55190
636631261995418193	20	64	90513
636631262035618170	20	63	94548
636631262063416012	20	62	97316
636631262090220498	20	65	100002
636631262856820667	20	63	176657
636631262885646489	20	64	179539
636631262908280897	20	65	181795
636631262929849039	20	66	183971
636631262960050704	20	62	186983
636631264031161912	20	31	10399
636631264075821588	20	32	14876
636631264089927959	20	33	16287
636631264104816154	20	34	17779
636631264136369910	20	30	20932
636631264196151224	20	31	26915
636631264209371549	20	32	28227
636631264220591554	20	33	29359
636631264233924605	20	34	30692
636631265080919488	20	96	13310
636631265142240774	20	95	19427
636631265176687022	20	94	22879
636631265205911949	20	97	25806
636631265244689754	20	96	29679
636631265282240506	20	95	33427
636631265302905461	20	94	35502
636631265331247907	20	97	38335
636631265833807351	20	0	88592
636631265858842990	20	97	91106
